c:\users\eufra\onedrive\documents\faculdade\2018-2019\2º semestre\atad\projeto\projetofinal atad\projetofinal atad\debug\vc141.pdb
c:\users\eufra\onedrive\documents\faculdade\2018-2019\2º semestre\atad\projeto\projetofinal atad\projetofinal atad\debug\vc141.idb
c:\users\eufra\onedrive\documents\faculdade\2018-2019\2º semestre\atad\projeto\projetofinal atad\projetofinal atad\debug\patient.obj
c:\users\eufra\onedrive\documents\faculdade\2018-2019\2º semestre\atad\projeto\projetofinal atad\projetofinal atad\debug\main.obj
c:\users\eufra\onedrive\documents\faculdade\2018-2019\2º semestre\atad\projeto\projetofinal atad\projetofinal atad\debug\listelem.obj
c:\users\eufra\onedrive\documents\faculdade\2018-2019\2º semestre\atad\projeto\projetofinal atad\projetofinal atad\debug\list.obj
c:\users\eufra\onedrive\documents\faculdade\2018-2019\2º semestre\atad\projeto\projetofinal atad\projetofinal atad\debug\date.obj
c:\users\eufra\onedrive\documents\faculdade\2018-2019\2º semestre\atad\projeto\projetofinal atad\projetofinal atad\debug\split.obj
c:\users\eufra\onedrive\documents\faculdade\2018-2019\2º semestre\atad\projeto\projetofinal atad\projetofinal atad\debug\queueelem.obj
c:\users\eufra\onedrive\documents\faculdade\2018-2019\2º semestre\atad\projeto\projetofinal atad\projetofinal atad\debug\queue.obj
c:\users\eufra\onedrive\documents\faculdade\2018-2019\2º semestre\atad\projeto\projetofinal atad\projetofinal atad\debug\mapelem.obj
c:\users\eufra\onedrive\documents\faculdade\2018-2019\2º semestre\atad\projeto\projetofinal atad\projetofinal atad\debug\map.obj
c:\users\eufra\onedrive\documents\faculdade\2018-2019\2º semestre\atad\projeto\projetofinal atad\projetofinal atad\debug\item.obj
c:\users\eufra\onedrive\documents\faculdade\2018-2019\2º semestre\atad\projeto\projetofinal atad\debug\projetofinal atad.exe
c:\users\eufra\onedrive\documents\faculdade\2018-2019\2º semestre\atad\projeto\projetofinal atad\debug\projetofinal atad.ilk
c:\users\eufra\onedrive\documents\faculdade\2018-2019\2º semestre\atad\projeto\projetofinal atad\debug\projetofinal atad.pdb
c:\users\eufra\onedrive\documents\faculdade\2018-2019\2º semestre\atad\projeto\projetofinal atad\projetofinal atad\debug\patient.obj.enc
c:\users\eufra\onedrive\documents\faculdade\2018-2019\2º semestre\atad\projeto\projetofinal atad\projetofinal atad\debug\projetof.56e777da.tlog\cl.command.1.tlog
c:\users\eufra\onedrive\documents\faculdade\2018-2019\2º semestre\atad\projeto\projetofinal atad\projetofinal atad\debug\projetof.56e777da.tlog\cl.read.1.tlog
c:\users\eufra\onedrive\documents\faculdade\2018-2019\2º semestre\atad\projeto\projetofinal atad\projetofinal atad\debug\projetof.56e777da.tlog\cl.write.1.tlog
c:\users\eufra\onedrive\documents\faculdade\2018-2019\2º semestre\atad\projeto\projetofinal atad\projetofinal atad\debug\projetof.56e777da.tlog\link.command.1.tlog
c:\users\eufra\onedrive\documents\faculdade\2018-2019\2º semestre\atad\projeto\projetofinal atad\projetofinal atad\debug\projetof.56e777da.tlog\link.read.1.tlog
c:\users\eufra\onedrive\documents\faculdade\2018-2019\2º semestre\atad\projeto\projetofinal atad\projetofinal atad\debug\projetof.56e777da.tlog\link.write.1.tlog
